/home/dgomartir/ros2_ws/install/mob_rov/lib/python3.10/site-packages/mob_rov/__init__.py
/home/dgomartir/ros2_ws/install/mob_rov/lib/python3.10/site-packages/mob_rov/__pycache__/__init__.cpython-310.pyc
/home/dgomartir/ros2_ws/install/mob_rov/share/ament_index/resource_index/packages/mob_rov
/home/dgomartir/ros2_ws/install/mob_rov/share/mob_rov/package.xml
/home/dgomartir/ros2_ws/install/mob_rov/share/mob_rov/launch/presim.launch.py
/home/dgomartir/ros2_ws/install/mob_rov/share/mob_rov/launch/lidar.launch.py
/home/dgomartir/ros2_ws/install/mob_rov/share/mob_rov/launch/sim2.launch.py
/home/dgomartir/ros2_ws/install/mob_rov/share/mob_rov/launch/nav_slam.launch.py
/home/dgomartir/ros2_ws/install/mob_rov/share/mob_rov/launch/sim.launch.py
/home/dgomartir/ros2_ws/install/mob_rov/share/mob_rov/launch/joystick.launch.py
/home/dgomartir/ros2_ws/install/mob_rov/share/mob_rov/urdf/mob_rov.urdf
/home/dgomartir/ros2_ws/install/mob_rov/share/mob_rov/urdf/gazebo_control.xacro
/home/dgomartir/ros2_ws/install/mob_rov/share/mob_rov/urdf/ros2_control.xacro
/home/dgomartir/ros2_ws/install/mob_rov/share/mob_rov/urdf/mob_rov2.xacro
/home/dgomartir/ros2_ws/install/mob_rov/share/mob_rov/urdf/lidar.xacro
/home/dgomartir/ros2_ws/install/mob_rov/share/mob_rov/config/my_controllers.yaml
/home/dgomartir/ros2_ws/install/mob_rov/share/mob_rov/config/nav2_params.yaml
/home/dgomartir/ros2_ws/install/mob_rov/share/mob_rov/config/ros2_control.yaml
/home/dgomartir/ros2_ws/install/mob_rov/share/mob_rov/config/twist_mux.yaml
/home/dgomartir/ros2_ws/install/mob_rov/share/mob_rov/config/mapper_params_online_async.yaml
/home/dgomartir/ros2_ws/install/mob_rov/share/mob_rov/config/slam_config.yaml
/home/dgomartir/ros2_ws/install/mob_rov/share/mob_rov/config/drive_bot.rviz
/home/dgomartir/ros2_ws/install/mob_rov/share/mob_rov/worlds/obstacles.world
/home/dgomartir/ros2_ws/install/mob_rov/lib/python3.10/site-packages/mob_rov-0.0.0-py3.10.egg-info/SOURCES.txt
/home/dgomartir/ros2_ws/install/mob_rov/lib/python3.10/site-packages/mob_rov-0.0.0-py3.10.egg-info/top_level.txt
/home/dgomartir/ros2_ws/install/mob_rov/lib/python3.10/site-packages/mob_rov-0.0.0-py3.10.egg-info/requires.txt
/home/dgomartir/ros2_ws/install/mob_rov/lib/python3.10/site-packages/mob_rov-0.0.0-py3.10.egg-info/zip-safe
/home/dgomartir/ros2_ws/install/mob_rov/lib/python3.10/site-packages/mob_rov-0.0.0-py3.10.egg-info/PKG-INFO
/home/dgomartir/ros2_ws/install/mob_rov/lib/python3.10/site-packages/mob_rov-0.0.0-py3.10.egg-info/dependency_links.txt
/home/dgomartir/ros2_ws/install/mob_rov/lib/python3.10/site-packages/mob_rov-0.0.0-py3.10.egg-info/entry_points.txt
