[1.460s] Invoking command in '/home/dgomartir/ros2_ws/src/mob_rov': PYTHONPATH=/home/dgomartir/ros2_ws/build/mob_rov/prefix_override:/usr/lib/python3/dist-packages/colcon_core/task/python/colcon_distutils_commands:/home/dgomartir/ros2_ws/install/mob_rov/lib/python3.10/site-packages:${PYTHONPATH} /usr/bin/python3 -W ignore:setup.py install is deprecated setup.py egg_info --egg-base ../../build/mob_rov build --build-base /home/dgomartir/ros2_ws/build/mob_rov/build install --record /home/dgomartir/ros2_ws/build/mob_rov/install.log --single-version-externally-managed install_data
[1.927s] running egg_info
[1.927s] writing ../../build/mob_rov/mob_rov.egg-info/PKG-INFO
[1.929s] writing dependency_links to ../../build/mob_rov/mob_rov.egg-info/dependency_links.txt
[1.929s] writing entry points to ../../build/mob_rov/mob_rov.egg-info/entry_points.txt
[1.929s] writing requirements to ../../build/mob_rov/mob_rov.egg-info/requires.txt
[1.929s] writing top-level names to ../../build/mob_rov/mob_rov.egg-info/top_level.txt
[1.932s] reading manifest file '../../build/mob_rov/mob_rov.egg-info/SOURCES.txt'
[1.935s] writing manifest file '../../build/mob_rov/mob_rov.egg-info/SOURCES.txt'
[1.939s] running build
[1.940s] running build_py
[1.940s] running install
[1.942s] running install_lib
[1.942s] running install_data
[1.942s] copying urdf/lidar.xacro -> /home/dgomartir/ros2_ws/install/mob_rov/share/mob_rov/urdf
[1.942s] running install_egg_info
[1.946s] removing '/home/dgomartir/ros2_ws/install/mob_rov/lib/python3.10/site-packages/mob_rov-0.0.0-py3.10.egg-info' (and everything under it)
[1.948s] Copying ../../build/mob_rov/mob_rov.egg-info to /home/dgomartir/ros2_ws/install/mob_rov/lib/python3.10/site-packages/mob_rov-0.0.0-py3.10.egg-info
[1.951s] running install_scripts
[1.989s] writing list of installed files to '/home/dgomartir/ros2_ws/build/mob_rov/install.log'
[2.042s] Invoked command in '/home/dgomartir/ros2_ws/src/mob_rov' returned '0': PYTHONPATH=/home/dgomartir/ros2_ws/build/mob_rov/prefix_override:/usr/lib/python3/dist-packages/colcon_core/task/python/colcon_distutils_commands:/home/dgomartir/ros2_ws/install/mob_rov/lib/python3.10/site-packages:${PYTHONPATH} /usr/bin/python3 -W ignore:setup.py install is deprecated setup.py egg_info --egg-base ../../build/mob_rov build --build-base /home/dgomartir/ros2_ws/build/mob_rov/build install --record /home/dgomartir/ros2_ws/build/mob_rov/install.log --single-version-externally-managed install_data
