[1.840s] Invoking command in '/home/dgomartir/ros2_ws/src/mob_rov': PYTHONPATH=/home/dgomartir/ros2_ws/build/mob_rov/prefix_override:/usr/lib/python3/dist-packages/colcon_core/task/python/colcon_distutils_commands:/home/dgomartir/ros2_ws/install/mob_rov/lib/python3.10/site-packages:${PYTHONPATH} /usr/bin/python3 -W ignore:setup.py install is deprecated setup.py egg_info --egg-base ../../build/mob_rov build --build-base /home/dgomartir/ros2_ws/build/mob_rov/build install --record /home/dgomartir/ros2_ws/build/mob_rov/install.log --single-version-externally-managed install_data
[2.363s] running egg_info
[2.363s] writing ../../build/mob_rov/mob_rov.egg-info/PKG-INFO
[2.363s] writing dependency_links to ../../build/mob_rov/mob_rov.egg-info/dependency_links.txt
[2.363s] writing entry points to ../../build/mob_rov/mob_rov.egg-info/entry_points.txt
[2.364s] writing requirements to ../../build/mob_rov/mob_rov.egg-info/requires.txt
[2.364s] writing top-level names to ../../build/mob_rov/mob_rov.egg-info/top_level.txt
[2.374s] reading manifest file '../../build/mob_rov/mob_rov.egg-info/SOURCES.txt'
[2.374s] writing manifest file '../../build/mob_rov/mob_rov.egg-info/SOURCES.txt'
[2.377s] running build
[2.377s] running build_py
[2.377s] running install
[2.377s] running install_lib
[2.384s] running install_data
[2.384s] copying urdf/gazebo_control.xacro -> /home/dgomartir/ros2_ws/install/mob_rov/share/mob_rov/urdf
[2.384s] copying urdf/mob_rov2.xacro -> /home/dgomartir/ros2_ws/install/mob_rov/share/mob_rov/urdf
[2.384s] running install_egg_info
[2.393s] removing '/home/dgomartir/ros2_ws/install/mob_rov/lib/python3.10/site-packages/mob_rov-0.0.0-py3.10.egg-info' (and everything under it)
[2.401s] Copying ../../build/mob_rov/mob_rov.egg-info to /home/dgomartir/ros2_ws/install/mob_rov/lib/python3.10/site-packages/mob_rov-0.0.0-py3.10.egg-info
[2.401s] running install_scripts
[2.469s] writing list of installed files to '/home/dgomartir/ros2_ws/build/mob_rov/install.log'
[2.539s] Invoked command in '/home/dgomartir/ros2_ws/src/mob_rov' returned '0': PYTHONPATH=/home/dgomartir/ros2_ws/build/mob_rov/prefix_override:/usr/lib/python3/dist-packages/colcon_core/task/python/colcon_distutils_commands:/home/dgomartir/ros2_ws/install/mob_rov/lib/python3.10/site-packages:${PYTHONPATH} /usr/bin/python3 -W ignore:setup.py install is deprecated setup.py egg_info --egg-base ../../build/mob_rov build --build-base /home/dgomartir/ros2_ws/build/mob_rov/build install --record /home/dgomartir/ros2_ws/build/mob_rov/install.log --single-version-externally-managed install_data
