[2.437s] Invoking command in '/home/dgomartir/ros2_ws/src/mob_rov': PYTHONPATH=/home/dgomartir/ros2_ws/build/mob_rov/prefix_override:/usr/lib/python3/dist-packages/colcon_core/task/python/colcon_distutils_commands:/home/dgomartir/ros2_ws/install/mob_rov/lib/python3.10/site-packages:${PYTHONPATH} /usr/bin/python3 -W ignore:setup.py install is deprecated setup.py egg_info --egg-base ../../build/mob_rov build --build-base /home/dgomartir/ros2_ws/build/mob_rov/build install --record /home/dgomartir/ros2_ws/build/mob_rov/install.log --single-version-externally-managed install_data
[3.300s] running egg_info
[3.301s] writing ../../build/mob_rov/mob_rov.egg-info/PKG-INFO
[3.301s] writing dependency_links to ../../build/mob_rov/mob_rov.egg-info/dependency_links.txt
[3.301s] writing entry points to ../../build/mob_rov/mob_rov.egg-info/entry_points.txt
[3.301s] writing requirements to ../../build/mob_rov/mob_rov.egg-info/requires.txt
[3.301s] writing top-level names to ../../build/mob_rov/mob_rov.egg-info/top_level.txt
[3.313s] reading manifest file '../../build/mob_rov/mob_rov.egg-info/SOURCES.txt'
[3.314s] writing manifest file '../../build/mob_rov/mob_rov.egg-info/SOURCES.txt'
[3.314s] running build
[3.314s] running build_py
[3.322s] running install
[3.322s] running install_lib
[3.323s] running install_data
[3.323s] copying config/mapper_params_online_async.yaml -> /home/dgomartir/ros2_ws/install/mob_rov/share/mob_rov/config
[3.323s] running install_egg_info
[3.341s] removing '/home/dgomartir/ros2_ws/install/mob_rov/lib/python3.10/site-packages/mob_rov-0.0.0-py3.10.egg-info' (and everything under it)
[3.341s] Copying ../../build/mob_rov/mob_rov.egg-info to /home/dgomartir/ros2_ws/install/mob_rov/lib/python3.10/site-packages/mob_rov-0.0.0-py3.10.egg-info
[3.349s] running install_scripts
[3.428s] writing list of installed files to '/home/dgomartir/ros2_ws/build/mob_rov/install.log'
[3.550s] Invoked command in '/home/dgomartir/ros2_ws/src/mob_rov' returned '0': PYTHONPATH=/home/dgomartir/ros2_ws/build/mob_rov/prefix_override:/usr/lib/python3/dist-packages/colcon_core/task/python/colcon_distutils_commands:/home/dgomartir/ros2_ws/install/mob_rov/lib/python3.10/site-packages:${PYTHONPATH} /usr/bin/python3 -W ignore:setup.py install is deprecated setup.py egg_info --egg-base ../../build/mob_rov build --build-base /home/dgomartir/ros2_ws/build/mob_rov/build install --record /home/dgomartir/ros2_ws/build/mob_rov/install.log --single-version-externally-managed install_data
