[1.333s] Invoking command in '/home/dgomartir/ros2_ws/src/mob_rov': PYTHONPATH=/home/dgomartir/ros2_ws/build/mob_rov/prefix_override:/usr/lib/python3/dist-packages/colcon_core/task/python/colcon_distutils_commands:/home/dgomartir/ros2_ws/install/mob_rov/lib/python3.10/site-packages:${PYTHONPATH} /usr/bin/python3 -W ignore:setup.py install is deprecated setup.py egg_info --egg-base ../../build/mob_rov build --build-base /home/dgomartir/ros2_ws/build/mob_rov/build install --record /home/dgomartir/ros2_ws/build/mob_rov/install.log --single-version-externally-managed install_data
[1.791s] running egg_info
[1.794s] writing ../../build/mob_rov/mob_rov.egg-info/PKG-INFO
[1.794s] writing dependency_links to ../../build/mob_rov/mob_rov.egg-info/dependency_links.txt
[1.794s] writing entry points to ../../build/mob_rov/mob_rov.egg-info/entry_points.txt
[1.795s] writing requirements to ../../build/mob_rov/mob_rov.egg-info/requires.txt
[1.796s] writing top-level names to ../../build/mob_rov/mob_rov.egg-info/top_level.txt
[1.797s] reading manifest file '../../build/mob_rov/mob_rov.egg-info/SOURCES.txt'
[1.798s] writing manifest file '../../build/mob_rov/mob_rov.egg-info/SOURCES.txt'
[1.799s] running build
[1.799s] running build_py
[1.800s] running install
[1.801s] running install_lib
[1.803s] running install_data
[1.804s] copying launch/nav_slam.launch.py -> /home/dgomartir/ros2_ws/install/mob_rov/share/mob_rov/launch
[1.804s] copying config/nav2_params.yaml -> /home/dgomartir/ros2_ws/install/mob_rov/share/mob_rov/config
[1.804s] copying config/slam_config.yaml -> /home/dgomartir/ros2_ws/install/mob_rov/share/mob_rov/config
[1.804s] running install_egg_info
[1.809s] removing '/home/dgomartir/ros2_ws/install/mob_rov/lib/python3.10/site-packages/mob_rov-0.0.0-py3.10.egg-info' (and everything under it)
[1.811s] Copying ../../build/mob_rov/mob_rov.egg-info to /home/dgomartir/ros2_ws/install/mob_rov/lib/python3.10/site-packages/mob_rov-0.0.0-py3.10.egg-info
[1.815s] running install_scripts
[1.860s] writing list of installed files to '/home/dgomartir/ros2_ws/build/mob_rov/install.log'
[1.915s] Invoked command in '/home/dgomartir/ros2_ws/src/mob_rov' returned '0': PYTHONPATH=/home/dgomartir/ros2_ws/build/mob_rov/prefix_override:/usr/lib/python3/dist-packages/colcon_core/task/python/colcon_distutils_commands:/home/dgomartir/ros2_ws/install/mob_rov/lib/python3.10/site-packages:${PYTHONPATH} /usr/bin/python3 -W ignore:setup.py install is deprecated setup.py egg_info --egg-base ../../build/mob_rov build --build-base /home/dgomartir/ros2_ws/build/mob_rov/build install --record /home/dgomartir/ros2_ws/build/mob_rov/install.log --single-version-externally-managed install_data
