[0.203s] DEBUG:colcon:Command line arguments: ['/usr/bin/colcon', 'build', '--symlink-install']
[0.203s] DEBUG:colcon:Parsed command line arguments: Namespace(log_base=None, log_level=None, verb_name='build', build_base='build', install_base='install', merge_install=False, symlink_install=True, test_result_base=None, continue_on_error=False, executor='parallel', parallel_workers=2, event_handlers=None, ignore_user_meta=False, metas=['./colcon.meta'], base_paths=['.'], packages_ignore=None, packages_ignore_regex=None, paths=None, packages_up_to=None, packages_up_to_regex=None, packages_above=None, packages_above_and_dependencies=None, packages_above_depth=None, packages_select_by_dep=None, packages_skip_by_dep=None, packages_skip_up_to=None, packages_select_build_failed=False, packages_skip_build_finished=False, packages_select_test_failures=False, packages_skip_test_passed=False, packages_select=None, packages_skip=None, packages_select_regex=None, packages_skip_regex=None, packages_start=None, packages_end=None, allow_overriding=[], cmake_args=None, cmake_target=None, cmake_target_skip_unavailable=False, cmake_clean_cache=False, cmake_clean_first=False, cmake_force_configure=False, ament_cmake_args=None, catkin_cmake_args=None, catkin_skip_building_tests=False, mixin_files=None, mixin=None, verb_parser=<colcon_mixin.mixin.mixin_argument.MixinArgumentDecorator object at 0x7724d3e40d60>, verb_extension=<colcon_core.verb.build.BuildVerb object at 0x7724d3e404f0>, main=<bound method BuildVerb.main of <colcon_core.verb.build.BuildVerb object at 0x7724d3e404f0>>, mixin_verb=('build',))
[0.512s] Level 1:colcon.colcon_core.package_discovery:discover_packages(colcon_meta) check parameters
[0.512s] Level 1:colcon.colcon_core.package_discovery:discover_packages(recursive) check parameters
[0.513s] Level 1:colcon.colcon_core.package_discovery:discover_packages(ignore) check parameters
[0.513s] Level 1:colcon.colcon_core.package_discovery:discover_packages(path) check parameters
[0.513s] Level 1:colcon.colcon_core.package_discovery:discover_packages(colcon_meta) discover
[0.513s] Level 1:colcon.colcon_core.package_discovery:discover_packages(recursive) discover
[0.513s] INFO:colcon.colcon_core.package_discovery:Crawling recursively for packages in '/home/dgomartir/ros2_ws'
[0.513s] Level 1:colcon.colcon_core.package_identification:_identify(.) by extensions ['ignore', 'ignore_ament_install']
[0.513s] Level 1:colcon.colcon_core.package_identification:_identify(.) by extension 'ignore'
[0.513s] Level 1:colcon.colcon_core.package_identification:_identify(.) by extension 'ignore_ament_install'
[0.514s] Level 1:colcon.colcon_core.package_identification:_identify(.) by extensions ['colcon_pkg']
[0.514s] Level 1:colcon.colcon_core.package_identification:_identify(.) by extension 'colcon_pkg'
[0.514s] Level 1:colcon.colcon_core.package_identification:_identify(.) by extensions ['colcon_meta']
[0.514s] Level 1:colcon.colcon_core.package_identification:_identify(.) by extension 'colcon_meta'
[0.514s] Level 1:colcon.colcon_core.package_identification:_identify(.) by extensions ['ros']
[0.514s] Level 1:colcon.colcon_core.package_identification:_identify(.) by extension 'ros'
[0.537s] Level 1:colcon.colcon_core.package_identification:_identify(.) by extensions ['cmake', 'python']
[0.537s] Level 1:colcon.colcon_core.package_identification:_identify(.) by extension 'cmake'
[0.537s] Level 1:colcon.colcon_core.package_identification:_identify(.) by extension 'python'
[0.537s] Level 1:colcon.colcon_core.package_identification:_identify(.) by extensions ['python_setup_py']
[0.537s] Level 1:colcon.colcon_core.package_identification:_identify(.) by extension 'python_setup_py'
[0.538s] Level 1:colcon.colcon_core.package_identification:_identify(build) by extensions ['ignore', 'ignore_ament_install']
[0.538s] Level 1:colcon.colcon_core.package_identification:_identify(build) by extension 'ignore'
[0.538s] Level 1:colcon.colcon_core.package_identification:_identify(build) ignored
[0.538s] Level 1:colcon.colcon_core.package_identification:_identify(install) by extensions ['ignore', 'ignore_ament_install']
[0.538s] Level 1:colcon.colcon_core.package_identification:_identify(install) by extension 'ignore'
[0.538s] Level 1:colcon.colcon_core.package_identification:_identify(install) ignored
[0.539s] Level 1:colcon.colcon_core.package_identification:_identify(log) by extensions ['ignore', 'ignore_ament_install']
[0.539s] Level 1:colcon.colcon_core.package_identification:_identify(log) by extension 'ignore'
[0.539s] Level 1:colcon.colcon_core.package_identification:_identify(log) ignored
[0.539s] Level 1:colcon.colcon_core.package_identification:_identify(src) by extensions ['ignore', 'ignore_ament_install']
[0.539s] Level 1:colcon.colcon_core.package_identification:_identify(src) by extension 'ignore'
[0.539s] Level 1:colcon.colcon_core.package_identification:_identify(src) by extension 'ignore_ament_install'
[0.540s] Level 1:colcon.colcon_core.package_identification:_identify(src) by extensions ['colcon_pkg']
[0.540s] Level 1:colcon.colcon_core.package_identification:_identify(src) by extension 'colcon_pkg'
[0.540s] Level 1:colcon.colcon_core.package_identification:_identify(src) by extensions ['colcon_meta']
[0.540s] Level 1:colcon.colcon_core.package_identification:_identify(src) by extension 'colcon_meta'
[0.540s] Level 1:colcon.colcon_core.package_identification:_identify(src) by extensions ['ros']
[0.540s] Level 1:colcon.colcon_core.package_identification:_identify(src) by extension 'ros'
[0.540s] Level 1:colcon.colcon_core.package_identification:_identify(src) by extensions ['cmake', 'python']
[0.540s] Level 1:colcon.colcon_core.package_identification:_identify(src) by extension 'cmake'
[0.540s] Level 1:colcon.colcon_core.package_identification:_identify(src) by extension 'python'
[0.540s] Level 1:colcon.colcon_core.package_identification:_identify(src) by extensions ['python_setup_py']
[0.540s] Level 1:colcon.colcon_core.package_identification:_identify(src) by extension 'python_setup_py'
[0.540s] Level 1:colcon.colcon_core.package_identification:_identify(src/mob_rov) by extensions ['ignore', 'ignore_ament_install']
[0.541s] Level 1:colcon.colcon_core.package_identification:_identify(src/mob_rov) by extension 'ignore'
[0.541s] Level 1:colcon.colcon_core.package_identification:_identify(src/mob_rov) by extension 'ignore_ament_install'
[0.541s] Level 1:colcon.colcon_core.package_identification:_identify(src/mob_rov) by extensions ['colcon_pkg']
[0.541s] Level 1:colcon.colcon_core.package_identification:_identify(src/mob_rov) by extension 'colcon_pkg'
[0.541s] Level 1:colcon.colcon_core.package_identification:_identify(src/mob_rov) by extensions ['colcon_meta']
[0.541s] Level 1:colcon.colcon_core.package_identification:_identify(src/mob_rov) by extension 'colcon_meta'
[0.541s] Level 1:colcon.colcon_core.package_identification:_identify(src/mob_rov) by extensions ['ros']
[0.541s] Level 1:colcon.colcon_core.package_identification:_identify(src/mob_rov) by extension 'ros'
[0.546s] DEBUG:colcon.colcon_core.package_identification:Package 'src/mob_rov' with type 'ros.ament_python' and name 'mob_rov'
[0.546s] Level 1:colcon.colcon_core.package_discovery:discover_packages(recursive) using defaults
[0.546s] Level 1:colcon.colcon_core.package_discovery:discover_packages(ignore) discover
[0.546s] Level 1:colcon.colcon_core.package_discovery:discover_packages(ignore) using defaults
[0.546s] Level 1:colcon.colcon_core.package_discovery:discover_packages(path) discover
[0.546s] Level 1:colcon.colcon_core.package_discovery:discover_packages(path) using defaults
[0.600s] Level 1:colcon.colcon_core.package_discovery:discover_packages(prefix_path) check parameters
[0.600s] Level 1:colcon.colcon_core.package_discovery:discover_packages(prefix_path) discover
[0.603s] DEBUG:colcon.colcon_installed_package_information.package_discovery:Found 1 installed packages in /home/dgomartir/ros2_ws/install
[0.606s] DEBUG:colcon.colcon_installed_package_information.package_discovery:Found 295 installed packages in /opt/ros/humble
[0.609s] Level 1:colcon.colcon_core.package_discovery:discover_packages(prefix_path) using defaults
[0.679s] Level 5:colcon.colcon_core.verb:set package 'mob_rov' build argument 'cmake_args' from command line to 'None'
[0.679s] Level 5:colcon.colcon_core.verb:set package 'mob_rov' build argument 'cmake_target' from command line to 'None'
[0.679s] Level 5:colcon.colcon_core.verb:set package 'mob_rov' build argument 'cmake_target_skip_unavailable' from command line to 'False'
[0.679s] Level 5:colcon.colcon_core.verb:set package 'mob_rov' build argument 'cmake_clean_cache' from command line to 'False'
[0.680s] Level 5:colcon.colcon_core.verb:set package 'mob_rov' build argument 'cmake_clean_first' from command line to 'False'
[0.680s] Level 5:colcon.colcon_core.verb:set package 'mob_rov' build argument 'cmake_force_configure' from command line to 'False'
[0.680s] Level 5:colcon.colcon_core.verb:set package 'mob_rov' build argument 'ament_cmake_args' from command line to 'None'
[0.680s] Level 5:colcon.colcon_core.verb:set package 'mob_rov' build argument 'catkin_cmake_args' from command line to 'None'
[0.680s] Level 5:colcon.colcon_core.verb:set package 'mob_rov' build argument 'catkin_skip_building_tests' from command line to 'False'
[0.680s] DEBUG:colcon.colcon_core.verb:Building package 'mob_rov' with the following arguments: {'ament_cmake_args': None, 'build_base': '/home/dgomartir/ros2_ws/build/mob_rov', 'catkin_cmake_args': None, 'catkin_skip_building_tests': False, 'cmake_args': None, 'cmake_clean_cache': False, 'cmake_clean_first': False, 'cmake_force_configure': False, 'cmake_target': None, 'cmake_target_skip_unavailable': False, 'install_base': '/home/dgomartir/ros2_ws/install/mob_rov', 'merge_install': False, 'path': '/home/dgomartir/ros2_ws/src/mob_rov', 'symlink_install': True, 'test_result_base': None}
[0.680s] INFO:colcon.colcon_core.executor:Executing jobs using 'parallel' executor
[0.682s] DEBUG:colcon.colcon_parallel_executor.executor.parallel:run_until_complete
[0.682s] INFO:colcon.colcon_ros.task.ament_python.build:Building ROS package in '/home/dgomartir/ros2_ws/src/mob_rov' with build type 'ament_python'
[0.682s] Level 1:colcon.colcon_core.shell:create_environment_hook('mob_rov', 'ament_prefix_path')
[0.688s] INFO:colcon.colcon_core.plugin_system:Skipping extension 'colcon_core.shell.bat': Not used on non-Windows systems
[0.688s] INFO:colcon.colcon_core.shell:Creating environment hook '/home/dgomartir/ros2_ws/install/mob_rov/share/mob_rov/hook/ament_prefix_path.ps1'
[0.690s] INFO:colcon.colcon_core.shell:Creating environment descriptor '/home/dgomartir/ros2_ws/install/mob_rov/share/mob_rov/hook/ament_prefix_path.dsv'
[0.691s] INFO:colcon.colcon_core.shell:Creating environment hook '/home/dgomartir/ros2_ws/install/mob_rov/share/mob_rov/hook/ament_prefix_path.sh'
[0.693s] INFO:colcon.colcon_core.shell:Skip shell extension 'powershell' for command environment: Not usable outside of PowerShell
[0.693s] DEBUG:colcon.colcon_core.shell:Skip shell extension 'dsv' for command environment
[1.314s] INFO:colcon.colcon_core.task.python.build:Building Python package in '/home/dgomartir/ros2_ws/src/mob_rov'
[1.315s] INFO:colcon.colcon_core.shell:Skip shell extension 'powershell' for command environment: Not usable outside of PowerShell
[1.315s] DEBUG:colcon.colcon_core.shell:Skip shell extension 'dsv' for command environment
[2.198s] DEBUG:colcon.colcon_core.task.python.build:While undoing a previous installation files outside the Python library path are being ignored: /home/dgomartir/ros2_ws/install/mob_rov/share/ament_index/resource_index/packages/mob_rov
[2.198s] DEBUG:colcon.colcon_core.task.python.build:While undoing a previous installation files outside the Python library path are being ignored: /home/dgomartir/ros2_ws/install/mob_rov/share/mob_rov/package.xml
[2.199s] DEBUG:colcon.colcon_core.task.python.build:While undoing a previous installation files outside the Python library path are being ignored: /home/dgomartir/ros2_ws/install/mob_rov/share/mob_rov/launch/presim.launch.py
[2.199s] DEBUG:colcon.colcon_core.task.python.build:While undoing a previous installation files outside the Python library path are being ignored: /home/dgomartir/ros2_ws/install/mob_rov/share/mob_rov/launch/sim2.launch.py
[2.199s] DEBUG:colcon.colcon_core.task.python.build:While undoing a previous installation files outside the Python library path are being ignored: /home/dgomartir/ros2_ws/install/mob_rov/share/mob_rov/launch/sim.launch.py
[2.199s] DEBUG:colcon.colcon_core.task.python.build:While undoing a previous installation files outside the Python library path are being ignored: /home/dgomartir/ros2_ws/install/mob_rov/share/mob_rov/urdf/mob_rov.urdf
[2.199s] DEBUG:colcon.colcon_core.task.python.build:While undoing a previous installation files outside the Python library path are being ignored: /home/dgomartir/ros2_ws/install/mob_rov/share/mob_rov/urdf/mob_rov2.xacro
[2.199s] DEBUG:colcon.colcon_core.task.python.build:While undoing a previous installation files outside the Python library path are being ignored: /home/dgomartir/ros2_ws/install/mob_rov/share/mob_rov/config/nav2_params.yaml
[2.199s] DEBUG:colcon.colcon_core.task.python.build:While undoing a previous installation files outside the Python library path are being ignored: /home/dgomartir/ros2_ws/install/mob_rov/share/mob_rov/config/ros2_control.yaml
[2.199s] DEBUG:colcon.colcon_core.task.python.build:While undoing a previous installation files outside the Python library path are being ignored: /home/dgomartir/ros2_ws/install/mob_rov/share/mob_rov/config/slam_config.yaml
[2.206s] DEBUG:colcon.colcon_core.event_handler.log_command:Invoking command in '/home/dgomartir/ros2_ws/build/mob_rov': PYTHONPATH=/home/dgomartir/ros2_ws/build/mob_rov/prefix_override:/usr/lib/python3/dist-packages/colcon_core/task/python/colcon_distutils_commands:/home/dgomartir/ros2_ws/install/mob_rov/lib/python3.10/site-packages:${PYTHONPATH} /usr/bin/python3 -W ignore:setup.py install is deprecated setup.py develop --editable --build-directory /home/dgomartir/ros2_ws/build/mob_rov/build --no-deps symlink_data --force
[3.059s] Level 1:colcon.colcon_core.shell:create_environment_hook('mob_rov', 'pythonpath_develop')
[3.060s] INFO:colcon.colcon_core.shell:Creating environment hook '/home/dgomartir/ros2_ws/build/mob_rov/share/mob_rov/hook/pythonpath_develop.ps1'
[3.062s] DEBUG:colcon.colcon_core.event_handler.log_command:Invoked command in '/home/dgomartir/ros2_ws/build/mob_rov' returned '0': PYTHONPATH=/home/dgomartir/ros2_ws/build/mob_rov/prefix_override:/usr/lib/python3/dist-packages/colcon_core/task/python/colcon_distutils_commands:/home/dgomartir/ros2_ws/install/mob_rov/lib/python3.10/site-packages:${PYTHONPATH} /usr/bin/python3 -W ignore:setup.py install is deprecated setup.py develop --editable --build-directory /home/dgomartir/ros2_ws/build/mob_rov/build --no-deps symlink_data --force
[3.065s] INFO:colcon.colcon_core.shell:Creating environment descriptor '/home/dgomartir/ros2_ws/build/mob_rov/share/mob_rov/hook/pythonpath_develop.dsv'
[3.066s] INFO:colcon.colcon_core.shell:Creating environment hook '/home/dgomartir/ros2_ws/build/mob_rov/share/mob_rov/hook/pythonpath_develop.sh'
[3.072s] Level 1:colcon.colcon_core.environment:checking '/home/dgomartir/ros2_ws/install/mob_rov' for CMake module files
[3.073s] Level 1:colcon.colcon_core.environment:checking '/home/dgomartir/ros2_ws/install/mob_rov' for CMake config files
[3.075s] Level 1:colcon.colcon_core.environment:checking '/home/dgomartir/ros2_ws/install/mob_rov/lib'
[3.075s] Level 1:colcon.colcon_core.environment:checking '/home/dgomartir/ros2_ws/install/mob_rov/bin'
[3.075s] Level 1:colcon.colcon_core.environment:checking '/home/dgomartir/ros2_ws/install/mob_rov/lib/pkgconfig/mob_rov.pc'
[3.076s] Level 1:colcon.colcon_core.environment:checking '/home/dgomartir/ros2_ws/install/mob_rov/lib/python3.10/site-packages'
[3.076s] Level 1:colcon.colcon_core.shell:create_environment_hook('mob_rov', 'pythonpath')
[3.077s] INFO:colcon.colcon_core.shell:Creating environment hook '/home/dgomartir/ros2_ws/install/mob_rov/share/mob_rov/hook/pythonpath.ps1'
[3.078s] INFO:colcon.colcon_core.shell:Creating environment descriptor '/home/dgomartir/ros2_ws/install/mob_rov/share/mob_rov/hook/pythonpath.dsv'
[3.079s] INFO:colcon.colcon_core.shell:Creating environment hook '/home/dgomartir/ros2_ws/install/mob_rov/share/mob_rov/hook/pythonpath.sh'
[3.080s] Level 1:colcon.colcon_core.environment:checking '/home/dgomartir/ros2_ws/install/mob_rov/bin'
[3.080s] Level 1:colcon.colcon_core.environment:create_environment_scripts_only(mob_rov)
[3.081s] INFO:colcon.colcon_core.shell:Creating package script '/home/dgomartir/ros2_ws/install/mob_rov/share/mob_rov/package.ps1'
[3.083s] INFO:colcon.colcon_core.shell:Creating package descriptor '/home/dgomartir/ros2_ws/install/mob_rov/share/mob_rov/package.dsv'
[3.084s] INFO:colcon.colcon_core.shell:Creating package script '/home/dgomartir/ros2_ws/install/mob_rov/share/mob_rov/package.sh'
[3.086s] INFO:colcon.colcon_core.shell:Creating package script '/home/dgomartir/ros2_ws/install/mob_rov/share/mob_rov/package.bash'
[3.087s] INFO:colcon.colcon_core.shell:Creating package script '/home/dgomartir/ros2_ws/install/mob_rov/share/mob_rov/package.zsh'
[3.089s] Level 1:colcon.colcon_core.environment:create_file_with_runtime_dependencies(/home/dgomartir/ros2_ws/install/mob_rov/share/colcon-core/packages/mob_rov)
[3.090s] DEBUG:colcon.colcon_parallel_executor.executor.parallel:closing loop
[3.091s] DEBUG:colcon.colcon_parallel_executor.executor.parallel:loop closed
[3.092s] DEBUG:colcon.colcon_parallel_executor.executor.parallel:run_until_complete finished with '0'
[3.092s] DEBUG:colcon.colcon_core.event_reactor:joining thread
[3.103s] INFO:colcon.colcon_core.plugin_system:Skipping extension 'colcon_notification.desktop_notification.terminal_notifier': Not used on non-Darwin systems
[3.104s] INFO:colcon.colcon_core.plugin_system:Skipping extension 'colcon_notification.desktop_notification.win32': Not used on non-Windows systems
[3.104s] INFO:colcon.colcon_notification.desktop_notification:Sending desktop notification using 'notify2'
[3.127s] DEBUG:colcon.colcon_core.event_reactor:joined thread
[3.128s] INFO:colcon.colcon_core.shell:Creating prefix script '/home/dgomartir/ros2_ws/install/local_setup.ps1'
[3.130s] INFO:colcon.colcon_core.shell:Creating prefix util module '/home/dgomartir/ros2_ws/install/_local_setup_util_ps1.py'
[3.133s] INFO:colcon.colcon_core.shell:Creating prefix chain script '/home/dgomartir/ros2_ws/install/setup.ps1'
[3.135s] INFO:colcon.colcon_core.shell:Creating prefix script '/home/dgomartir/ros2_ws/install/local_setup.sh'
[3.137s] INFO:colcon.colcon_core.shell:Creating prefix util module '/home/dgomartir/ros2_ws/install/_local_setup_util_sh.py'
[3.138s] INFO:colcon.colcon_core.shell:Creating prefix chain script '/home/dgomartir/ros2_ws/install/setup.sh'
[3.140s] INFO:colcon.colcon_core.shell:Creating prefix script '/home/dgomartir/ros2_ws/install/local_setup.bash'
[3.142s] INFO:colcon.colcon_core.shell:Creating prefix chain script '/home/dgomartir/ros2_ws/install/setup.bash'
[3.144s] INFO:colcon.colcon_core.shell:Creating prefix script '/home/dgomartir/ros2_ws/install/local_setup.zsh'
[3.145s] INFO:colcon.colcon_core.shell:Creating prefix chain script '/home/dgomartir/ros2_ws/install/setup.zsh'
