[0.378s] DEBUG:colcon:Command line arguments: ['/usr/bin/colcon', 'list', '-p', '--base-paths', '/home/dgomartir/ros2_ws']
[0.378s] DEBUG:colcon:Parsed command line arguments: Namespace(log_base=None, log_level=None, verb_name='list', build_base='build', ignore_user_meta=False, metas=['./colcon.meta'], base_paths=['/home/dgomartir/ros2_ws'], packages_ignore=None, packages_ignore_regex=None, paths=None, packages_up_to=None, packages_up_to_regex=None, packages_above=None, packages_above_and_dependencies=None, packages_above_depth=None, packages_select_by_dep=None, packages_skip_by_dep=None, packages_skip_up_to=None, packages_select_build_failed=False, packages_skip_build_finished=False, packages_select_test_failures=False, packages_skip_test_passed=False, packages_select=None, packages_skip=None, packages_select_regex=None, packages_skip_regex=None, packages_start=None, packages_end=None, allow_overriding=[], topological_order=False, names_only=False, paths_only=True, topological_graph=False, topological_graph_dot=False, topological_graph_density=False, topological_graph_legend=False, topological_graph_dot_cluster=False, topological_graph_dot_include_skipped=False, mixin_files=None, mixin=None, verb_parser=<colcon_mixin.mixin.mixin_argument.MixinArgumentDecorator object at 0x71a811e61e40>, verb_extension=<colcon_package_information.verb.list.ListVerb object at 0x71a811f71a20>, main=<bound method ListVerb.main of <colcon_package_information.verb.list.ListVerb object at 0x71a811f71a20>>, mixin_verb=('list',))
[1.181s] Level 1:colcon.colcon_core.package_discovery:discover_packages(colcon_meta) check parameters
[1.182s] Level 1:colcon.colcon_core.package_discovery:discover_packages(recursive) check parameters
[1.182s] Level 1:colcon.colcon_core.package_discovery:discover_packages(ignore) check parameters
[1.182s] Level 1:colcon.colcon_core.package_discovery:discover_packages(path) check parameters
[1.182s] Level 1:colcon.colcon_core.package_discovery:discover_packages(recursive) discover
[1.185s] INFO:colcon.colcon_core.package_discovery:Crawling recursively for packages in '/home/dgomartir/ros2_ws'
[1.186s] Level 1:colcon.colcon_core.package_identification:_identify(/home/dgomartir/ros2_ws) by extensions ['ignore', 'ignore_ament_install']
[1.186s] Level 1:colcon.colcon_core.package_identification:_identify(/home/dgomartir/ros2_ws) by extension 'ignore'
[1.186s] Level 1:colcon.colcon_core.package_identification:_identify(/home/dgomartir/ros2_ws) by extension 'ignore_ament_install'
[1.186s] Level 1:colcon.colcon_core.package_identification:_identify(/home/dgomartir/ros2_ws) by extensions ['colcon_pkg']
[1.186s] Level 1:colcon.colcon_core.package_identification:_identify(/home/dgomartir/ros2_ws) by extension 'colcon_pkg'
[1.186s] Level 1:colcon.colcon_core.package_identification:_identify(/home/dgomartir/ros2_ws) by extensions ['colcon_meta']
[1.186s] Level 1:colcon.colcon_core.package_identification:_identify(/home/dgomartir/ros2_ws) by extension 'colcon_meta'
[1.187s] Level 1:colcon.colcon_core.package_identification:_identify(/home/dgomartir/ros2_ws) by extensions ['ros']
[1.187s] Level 1:colcon.colcon_core.package_identification:_identify(/home/dgomartir/ros2_ws) by extension 'ros'
[1.286s] Level 1:colcon.colcon_core.package_identification:_identify(/home/dgomartir/ros2_ws) by extensions ['cmake', 'python']
[1.286s] Level 1:colcon.colcon_core.package_identification:_identify(/home/dgomartir/ros2_ws) by extension 'cmake'
[1.286s] Level 1:colcon.colcon_core.package_identification:_identify(/home/dgomartir/ros2_ws) by extension 'python'
[1.286s] Level 1:colcon.colcon_core.package_identification:_identify(/home/dgomartir/ros2_ws) by extensions ['python_setup_py']
[1.286s] Level 1:colcon.colcon_core.package_identification:_identify(/home/dgomartir/ros2_ws) by extension 'python_setup_py'
[1.287s] Level 1:colcon.colcon_core.package_identification:_identify(/home/dgomartir/ros2_ws/build) by extensions ['ignore', 'ignore_ament_install']
[1.290s] Level 1:colcon.colcon_core.package_identification:_identify(/home/dgomartir/ros2_ws/build) by extension 'ignore'
[1.290s] Level 1:colcon.colcon_core.package_identification:_identify(/home/dgomartir/ros2_ws/build) ignored
[1.291s] Level 1:colcon.colcon_core.package_identification:_identify(/home/dgomartir/ros2_ws/install) by extensions ['ignore', 'ignore_ament_install']
[1.291s] Level 1:colcon.colcon_core.package_identification:_identify(/home/dgomartir/ros2_ws/install) by extension 'ignore'
[1.291s] Level 1:colcon.colcon_core.package_identification:_identify(/home/dgomartir/ros2_ws/install) ignored
[1.291s] Level 1:colcon.colcon_core.package_identification:_identify(/home/dgomartir/ros2_ws/log) by extensions ['ignore', 'ignore_ament_install']
[1.291s] Level 1:colcon.colcon_core.package_identification:_identify(/home/dgomartir/ros2_ws/log) by extension 'ignore'
[1.291s] Level 1:colcon.colcon_core.package_identification:_identify(/home/dgomartir/ros2_ws/log) ignored
[1.292s] Level 1:colcon.colcon_core.package_identification:_identify(/home/dgomartir/ros2_ws/src) by extensions ['ignore', 'ignore_ament_install']
[1.296s] Level 1:colcon.colcon_core.package_identification:_identify(/home/dgomartir/ros2_ws/src) by extension 'ignore'
[1.296s] Level 1:colcon.colcon_core.package_identification:_identify(/home/dgomartir/ros2_ws/src) by extension 'ignore_ament_install'
[1.296s] Level 1:colcon.colcon_core.package_identification:_identify(/home/dgomartir/ros2_ws/src) by extensions ['colcon_pkg']
[1.296s] Level 1:colcon.colcon_core.package_identification:_identify(/home/dgomartir/ros2_ws/src) by extension 'colcon_pkg'
[1.296s] Level 1:colcon.colcon_core.package_identification:_identify(/home/dgomartir/ros2_ws/src) by extensions ['colcon_meta']
[1.296s] Level 1:colcon.colcon_core.package_identification:_identify(/home/dgomartir/ros2_ws/src) by extension 'colcon_meta'
[1.296s] Level 1:colcon.colcon_core.package_identification:_identify(/home/dgomartir/ros2_ws/src) by extensions ['ros']
[1.297s] Level 1:colcon.colcon_core.package_identification:_identify(/home/dgomartir/ros2_ws/src) by extension 'ros'
[1.297s] Level 1:colcon.colcon_core.package_identification:_identify(/home/dgomartir/ros2_ws/src) by extensions ['cmake', 'python']
[1.297s] Level 1:colcon.colcon_core.package_identification:_identify(/home/dgomartir/ros2_ws/src) by extension 'cmake'
[1.297s] Level 1:colcon.colcon_core.package_identification:_identify(/home/dgomartir/ros2_ws/src) by extension 'python'
[1.297s] Level 1:colcon.colcon_core.package_identification:_identify(/home/dgomartir/ros2_ws/src) by extensions ['python_setup_py']
[1.297s] Level 1:colcon.colcon_core.package_identification:_identify(/home/dgomartir/ros2_ws/src) by extension 'python_setup_py'
[1.297s] Level 1:colcon.colcon_core.package_identification:_identify(/home/dgomartir/ros2_ws/src/mob_rov) by extensions ['ignore', 'ignore_ament_install']
[1.297s] Level 1:colcon.colcon_core.package_identification:_identify(/home/dgomartir/ros2_ws/src/mob_rov) by extension 'ignore'
[1.297s] Level 1:colcon.colcon_core.package_identification:_identify(/home/dgomartir/ros2_ws/src/mob_rov) by extension 'ignore_ament_install'
[1.298s] Level 1:colcon.colcon_core.package_identification:_identify(/home/dgomartir/ros2_ws/src/mob_rov) by extensions ['colcon_pkg']
[1.298s] Level 1:colcon.colcon_core.package_identification:_identify(/home/dgomartir/ros2_ws/src/mob_rov) by extension 'colcon_pkg'
[1.298s] Level 1:colcon.colcon_core.package_identification:_identify(/home/dgomartir/ros2_ws/src/mob_rov) by extensions ['colcon_meta']
[1.301s] Level 1:colcon.colcon_core.package_identification:_identify(/home/dgomartir/ros2_ws/src/mob_rov) by extension 'colcon_meta'
[1.305s] Level 1:colcon.colcon_core.package_identification:_identify(/home/dgomartir/ros2_ws/src/mob_rov) by extensions ['ros']
[1.305s] Level 1:colcon.colcon_core.package_identification:_identify(/home/dgomartir/ros2_ws/src/mob_rov) by extension 'ros'
[1.326s] DEBUG:colcon.colcon_core.package_identification:Package '/home/dgomartir/ros2_ws/src/mob_rov' with type 'ros.ament_python' and name 'mob_rov'
[1.328s] Level 1:colcon.colcon_core.package_discovery:discover_packages(recursive) using defaults
