running develop
Removing /home/dgomartir/ros2_ws/install/mob_rov/lib/python3.10/site-packages/mob-rov.egg-link (link to .)
running egg_info
writing ../../build/mob_rov/mob_rov.egg-info/PKG-INFO
writing dependency_links to ../../build/mob_rov/mob_rov.egg-info/dependency_links.txt
writing entry points to ../../build/mob_rov/mob_rov.egg-info/entry_points.txt
writing requirements to ../../build/mob_rov/mob_rov.egg-info/requires.txt
writing top-level names to ../../build/mob_rov/mob_rov.egg-info/top_level.txt
reading manifest file '../../build/mob_rov/mob_rov.egg-info/SOURCES.txt'
writing manifest file '../../build/mob_rov/mob_rov.egg-info/SOURCES.txt'
running build
running build_py
running install
running install_lib
creating /home/dgomartir/ros2_ws/install/mob_rov/lib/python3.10/site-packages/mob_rov
copying /home/dgomartir/ros2_ws/build/mob_rov/build/lib/mob_rov/__init__.py -> /home/dgomartir/ros2_ws/install/mob_rov/lib/python3.10/site-packages/mob_rov
byte-compiling /home/dgomartir/ros2_ws/install/mob_rov/lib/python3.10/site-packages/mob_rov/__init__.py to __init__.cpython-310.pyc
running install_data
copying resource/mob_rov -> /home/dgomartir/ros2_ws/install/mob_rov/share/ament_index/resource_index/packages
copying package.xml -> /home/dgomartir/ros2_ws/install/mob_rov/share/mob_rov
copying launch/presim.launch.py -> /home/dgomartir/ros2_ws/install/mob_rov/share/mob_rov/launch
copying launch/sim2.launch.py -> /home/dgomartir/ros2_ws/install/mob_rov/share/mob_rov/launch
copying launch/sim.launch.py -> /home/dgomartir/ros2_ws/install/mob_rov/share/mob_rov/launch
copying urdf/mob_rov.urdf -> /home/dgomartir/ros2_ws/install/mob_rov/share/mob_rov/urdf
copying urdf/mob_rov2.xacro -> /home/dgomartir/ros2_ws/install/mob_rov/share/mob_rov/urdf
copying config/nav2_params.yaml -> /home/dgomartir/ros2_ws/install/mob_rov/share/mob_rov/config
copying config/ros2_control.yaml -> /home/dgomartir/ros2_ws/install/mob_rov/share/mob_rov/config
copying config/slam_config.yaml -> /home/dgomartir/ros2_ws/install/mob_rov/share/mob_rov/config
running install_egg_info
Copying ../../build/mob_rov/mob_rov.egg-info to /home/dgomartir/ros2_ws/install/mob_rov/lib/python3.10/site-packages/mob_rov-0.0.0-py3.10.egg-info
running install_scripts
writing list of installed files to '/home/dgomartir/ros2_ws/build/mob_rov/install.log'
