running develop
/usr/lib/python3/dist-packages/setuptools/command/easy_install.py:158: EasyInstallDeprecationWarning: easy_install command is deprecated. Use build and pip and other standards-based tools.
  warnings.warn(
running egg_info
writing mob_rov.egg-info/PKG-INFO
writing dependency_links to mob_rov.egg-info/dependency_links.txt
writing entry points to mob_rov.egg-info/entry_points.txt
writing requirements to mob_rov.egg-info/requires.txt
writing top-level names to mob_rov.egg-info/top_level.txt
reading manifest file 'mob_rov.egg-info/SOURCES.txt'
writing manifest file 'mob_rov.egg-info/SOURCES.txt'
running build_ext
Creating /home/dgomartir/ros2_ws/install/mob_rov/lib/python3.10/site-packages/mob-rov.egg-link (link to .)

Installed /home/dgomartir/ros2_ws/build/mob_rov
running symlink_data
symbolically linking /home/dgomartir/ros2_ws/build/mob_rov/resource/mob_rov -> /home/dgomartir/ros2_ws/install/mob_rov/share/ament_index/resource_index/packages
symbolically linking /home/dgomartir/ros2_ws/build/mob_rov/package.xml -> /home/dgomartir/ros2_ws/install/mob_rov/share/mob_rov
symbolically linking /home/dgomartir/ros2_ws/build/mob_rov/launch/presim.launch.py -> /home/dgomartir/ros2_ws/install/mob_rov/share/mob_rov/launch
symbolically linking /home/dgomartir/ros2_ws/build/mob_rov/launch/sim2.launch.py -> /home/dgomartir/ros2_ws/install/mob_rov/share/mob_rov/launch
symbolically linking /home/dgomartir/ros2_ws/build/mob_rov/launch/sim.launch.py -> /home/dgomartir/ros2_ws/install/mob_rov/share/mob_rov/launch
symbolically linking /home/dgomartir/ros2_ws/build/mob_rov/urdf/mob_rov.urdf -> /home/dgomartir/ros2_ws/install/mob_rov/share/mob_rov/urdf
symbolically linking /home/dgomartir/ros2_ws/build/mob_rov/urdf/mob_rov2.xacro -> /home/dgomartir/ros2_ws/install/mob_rov/share/mob_rov/urdf
symbolically linking /home/dgomartir/ros2_ws/build/mob_rov/config/nav2_params.yaml -> /home/dgomartir/ros2_ws/install/mob_rov/share/mob_rov/config
symbolically linking /home/dgomartir/ros2_ws/build/mob_rov/config/ros2_control.yaml -> /home/dgomartir/ros2_ws/install/mob_rov/share/mob_rov/config
symbolically linking /home/dgomartir/ros2_ws/build/mob_rov/config/slam_config.yaml -> /home/dgomartir/ros2_ws/install/mob_rov/share/mob_rov/config
