[0.971s] DEBUG:colcon:Command line arguments: ['/usr/bin/colcon', 'build']
[0.971s] DEBUG:colcon:Parsed command line arguments: Namespace(log_base=None, log_level=None, verb_name='build', build_base='build', install_base='install', merge_install=False, symlink_install=False, test_result_base=None, continue_on_error=False, executor='parallel', parallel_workers=2, event_handlers=None, ignore_user_meta=False, metas=['./colcon.meta'], base_paths=['.'], packages_ignore=None, packages_ignore_regex=None, paths=None, packages_up_to=None, packages_up_to_regex=None, packages_above=None, packages_above_and_dependencies=None, packages_above_depth=None, packages_select_by_dep=None, packages_skip_by_dep=None, packages_skip_up_to=None, packages_select_build_failed=False, packages_skip_build_finished=False, packages_select_test_failures=False, packages_skip_test_passed=False, packages_select=None, packages_skip=None, packages_select_regex=None, packages_skip_regex=None, packages_start=None, packages_end=None, allow_overriding=[], cmake_args=None, cmake_target=None, cmake_target_skip_unavailable=False, cmake_clean_cache=False, cmake_clean_first=False, cmake_force_configure=False, ament_cmake_args=None, catkin_cmake_args=None, catkin_skip_building_tests=False, mixin_files=None, mixin=None, verb_parser=<colcon_mixin.mixin.mixin_argument.MixinArgumentDecorator object at 0x785ea071d210>, verb_extension=<colcon_core.verb.build.BuildVerb object at 0x785ea071c970>, main=<bound method BuildVerb.main of <colcon_core.verb.build.BuildVerb object at 0x785ea071c970>>, mixin_verb=('build',))
[1.903s] Level 1:colcon.colcon_core.package_discovery:discover_packages(colcon_meta) check parameters
[1.903s] Level 1:colcon.colcon_core.package_discovery:discover_packages(recursive) check parameters
[1.903s] Level 1:colcon.colcon_core.package_discovery:discover_packages(ignore) check parameters
[1.903s] Level 1:colcon.colcon_core.package_discovery:discover_packages(path) check parameters
[1.903s] Level 1:colcon.colcon_core.package_discovery:discover_packages(colcon_meta) discover
[1.903s] Level 1:colcon.colcon_core.package_discovery:discover_packages(recursive) discover
[1.903s] INFO:colcon.colcon_core.package_discovery:Crawling recursively for packages in '/home/dgomartir/ros2_ws'
[1.904s] Level 1:colcon.colcon_core.package_identification:_identify(.) by extensions ['ignore', 'ignore_ament_install']
[1.904s] Level 1:colcon.colcon_core.package_identification:_identify(.) by extension 'ignore'
[1.904s] Level 1:colcon.colcon_core.package_identification:_identify(.) by extension 'ignore_ament_install'
[1.905s] Level 1:colcon.colcon_core.package_identification:_identify(.) by extensions ['colcon_pkg']
[1.905s] Level 1:colcon.colcon_core.package_identification:_identify(.) by extension 'colcon_pkg'
[1.905s] Level 1:colcon.colcon_core.package_identification:_identify(.) by extensions ['colcon_meta']
[1.905s] Level 1:colcon.colcon_core.package_identification:_identify(.) by extension 'colcon_meta'
[1.905s] Level 1:colcon.colcon_core.package_identification:_identify(.) by extensions ['ros']
[1.905s] Level 1:colcon.colcon_core.package_identification:_identify(.) by extension 'ros'
[1.944s] Level 1:colcon.colcon_core.package_identification:_identify(.) by extensions ['cmake', 'python']
[1.944s] Level 1:colcon.colcon_core.package_identification:_identify(.) by extension 'cmake'
[1.944s] Level 1:colcon.colcon_core.package_identification:_identify(.) by extension 'python'
[1.944s] Level 1:colcon.colcon_core.package_identification:_identify(.) by extensions ['python_setup_py']
[1.944s] Level 1:colcon.colcon_core.package_identification:_identify(.) by extension 'python_setup_py'
[1.945s] Level 1:colcon.colcon_core.package_identification:_identify(build) by extensions ['ignore', 'ignore_ament_install']
[1.945s] Level 1:colcon.colcon_core.package_identification:_identify(build) by extension 'ignore'
[1.945s] Level 1:colcon.colcon_core.package_identification:_identify(build) ignored
[1.945s] Level 1:colcon.colcon_core.package_identification:_identify(install) by extensions ['ignore', 'ignore_ament_install']
[1.946s] Level 1:colcon.colcon_core.package_identification:_identify(install) by extension 'ignore'
[1.946s] Level 1:colcon.colcon_core.package_identification:_identify(install) ignored
[1.947s] Level 1:colcon.colcon_core.package_identification:_identify(log) by extensions ['ignore', 'ignore_ament_install']
[1.947s] Level 1:colcon.colcon_core.package_identification:_identify(log) by extension 'ignore'
[1.947s] Level 1:colcon.colcon_core.package_identification:_identify(log) ignored
[1.947s] Level 1:colcon.colcon_core.package_identification:_identify(src) by extensions ['ignore', 'ignore_ament_install']
[1.947s] Level 1:colcon.colcon_core.package_identification:_identify(src) by extension 'ignore'
[1.947s] Level 1:colcon.colcon_core.package_identification:_identify(src) by extension 'ignore_ament_install'
[1.948s] Level 1:colcon.colcon_core.package_identification:_identify(src) by extensions ['colcon_pkg']
[1.948s] Level 1:colcon.colcon_core.package_identification:_identify(src) by extension 'colcon_pkg'
[1.948s] Level 1:colcon.colcon_core.package_identification:_identify(src) by extensions ['colcon_meta']
[1.948s] Level 1:colcon.colcon_core.package_identification:_identify(src) by extension 'colcon_meta'
[1.948s] Level 1:colcon.colcon_core.package_identification:_identify(src) by extensions ['ros']
[1.948s] Level 1:colcon.colcon_core.package_identification:_identify(src) by extension 'ros'
[1.948s] Level 1:colcon.colcon_core.package_identification:_identify(src) by extensions ['cmake', 'python']
[1.948s] Level 1:colcon.colcon_core.package_identification:_identify(src) by extension 'cmake'
[1.949s] Level 1:colcon.colcon_core.package_identification:_identify(src) by extension 'python'
[1.950s] Level 1:colcon.colcon_core.package_identification:_identify(src) by extensions ['python_setup_py']
[1.950s] Level 1:colcon.colcon_core.package_identification:_identify(src) by extension 'python_setup_py'
[1.950s] Level 1:colcon.colcon_core.package_identification:_identify(src/mob_rov) by extensions ['ignore', 'ignore_ament_install']
[1.951s] Level 1:colcon.colcon_core.package_identification:_identify(src/mob_rov) by extension 'ignore'
[1.951s] Level 1:colcon.colcon_core.package_identification:_identify(src/mob_rov) by extension 'ignore_ament_install'
[1.951s] Level 1:colcon.colcon_core.package_identification:_identify(src/mob_rov) by extensions ['colcon_pkg']
[1.951s] Level 1:colcon.colcon_core.package_identification:_identify(src/mob_rov) by extension 'colcon_pkg'
[1.951s] Level 1:colcon.colcon_core.package_identification:_identify(src/mob_rov) by extensions ['colcon_meta']
[1.951s] Level 1:colcon.colcon_core.package_identification:_identify(src/mob_rov) by extension 'colcon_meta'
[1.951s] Level 1:colcon.colcon_core.package_identification:_identify(src/mob_rov) by extensions ['ros']
[1.952s] Level 1:colcon.colcon_core.package_identification:_identify(src/mob_rov) by extension 'ros'
[1.964s] DEBUG:colcon.colcon_core.package_identification:Package 'src/mob_rov' with type 'ros.ament_python' and name 'mob_rov'
[1.964s] Level 1:colcon.colcon_core.package_discovery:discover_packages(recursive) using defaults
[1.964s] Level 1:colcon.colcon_core.package_discovery:discover_packages(ignore) discover
[1.964s] Level 1:colcon.colcon_core.package_discovery:discover_packages(ignore) using defaults
[1.964s] Level 1:colcon.colcon_core.package_discovery:discover_packages(path) discover
[1.965s] Level 1:colcon.colcon_core.package_discovery:discover_packages(path) using defaults
[2.090s] Level 1:colcon.colcon_core.package_discovery:discover_packages(prefix_path) check parameters
[2.091s] Level 1:colcon.colcon_core.package_discovery:discover_packages(prefix_path) discover
[2.105s] DEBUG:colcon.colcon_installed_package_information.package_discovery:Found 391 installed packages in /opt/ros/humble
[2.110s] Level 1:colcon.colcon_core.package_discovery:discover_packages(prefix_path) using defaults
[2.272s] Level 5:colcon.colcon_core.verb:set package 'mob_rov' build argument 'cmake_args' from command line to 'None'
[2.273s] Level 5:colcon.colcon_core.verb:set package 'mob_rov' build argument 'cmake_target' from command line to 'None'
[2.273s] Level 5:colcon.colcon_core.verb:set package 'mob_rov' build argument 'cmake_target_skip_unavailable' from command line to 'False'
[2.273s] Level 5:colcon.colcon_core.verb:set package 'mob_rov' build argument 'cmake_clean_cache' from command line to 'False'
[2.273s] Level 5:colcon.colcon_core.verb:set package 'mob_rov' build argument 'cmake_clean_first' from command line to 'False'
[2.273s] Level 5:colcon.colcon_core.verb:set package 'mob_rov' build argument 'cmake_force_configure' from command line to 'False'
[2.273s] Level 5:colcon.colcon_core.verb:set package 'mob_rov' build argument 'ament_cmake_args' from command line to 'None'
[2.273s] Level 5:colcon.colcon_core.verb:set package 'mob_rov' build argument 'catkin_cmake_args' from command line to 'None'
[2.273s] Level 5:colcon.colcon_core.verb:set package 'mob_rov' build argument 'catkin_skip_building_tests' from command line to 'False'
[2.273s] DEBUG:colcon.colcon_core.verb:Building package 'mob_rov' with the following arguments: {'ament_cmake_args': None, 'build_base': '/home/dgomartir/ros2_ws/build/mob_rov', 'catkin_cmake_args': None, 'catkin_skip_building_tests': False, 'cmake_args': None, 'cmake_clean_cache': False, 'cmake_clean_first': False, 'cmake_force_configure': False, 'cmake_target': None, 'cmake_target_skip_unavailable': False, 'install_base': '/home/dgomartir/ros2_ws/install/mob_rov', 'merge_install': False, 'path': '/home/dgomartir/ros2_ws/src/mob_rov', 'symlink_install': False, 'test_result_base': None}
[2.274s] INFO:colcon.colcon_core.executor:Executing jobs using 'parallel' executor
[2.277s] DEBUG:colcon.colcon_parallel_executor.executor.parallel:run_until_complete
[2.279s] INFO:colcon.colcon_ros.task.ament_python.build:Building ROS package in '/home/dgomartir/ros2_ws/src/mob_rov' with build type 'ament_python'
[2.279s] Level 1:colcon.colcon_core.shell:create_environment_hook('mob_rov', 'ament_prefix_path')
[2.295s] INFO:colcon.colcon_core.plugin_system:Skipping extension 'colcon_core.shell.bat': Not used on non-Windows systems
[2.298s] INFO:colcon.colcon_core.shell:Creating environment hook '/home/dgomartir/ros2_ws/install/mob_rov/share/mob_rov/hook/ament_prefix_path.ps1'
[2.301s] INFO:colcon.colcon_core.shell:Creating environment descriptor '/home/dgomartir/ros2_ws/install/mob_rov/share/mob_rov/hook/ament_prefix_path.dsv'
[2.303s] INFO:colcon.colcon_core.shell:Creating environment hook '/home/dgomartir/ros2_ws/install/mob_rov/share/mob_rov/hook/ament_prefix_path.sh'
[2.307s] INFO:colcon.colcon_core.shell:Skip shell extension 'powershell' for command environment: Not usable outside of PowerShell
[2.308s] DEBUG:colcon.colcon_core.shell:Skip shell extension 'dsv' for command environment
[3.646s] INFO:colcon.colcon_core.task.python.build:Building Python package in '/home/dgomartir/ros2_ws/src/mob_rov'
[3.646s] INFO:colcon.colcon_core.shell:Skip shell extension 'powershell' for command environment: Not usable outside of PowerShell
[3.646s] DEBUG:colcon.colcon_core.shell:Skip shell extension 'dsv' for command environment
[5.822s] DEBUG:colcon.colcon_core.event_handler.log_command:Invoking command in '/home/dgomartir/ros2_ws/src/mob_rov': PYTHONPATH=/home/dgomartir/ros2_ws/build/mob_rov/prefix_override:/usr/lib/python3/dist-packages/colcon_core/task/python/colcon_distutils_commands:/home/dgomartir/ros2_ws/install/mob_rov/lib/python3.10/site-packages:${PYTHONPATH} /usr/bin/python3 -W ignore:setup.py install is deprecated setup.py egg_info --egg-base ../../build/mob_rov build --build-base /home/dgomartir/ros2_ws/build/mob_rov/build install --record /home/dgomartir/ros2_ws/build/mob_rov/install.log --single-version-externally-managed install_data
[7.021s] DEBUG:colcon.colcon_core.event_handler.log_command:Invoked command in '/home/dgomartir/ros2_ws/src/mob_rov' returned '0': PYTHONPATH=/home/dgomartir/ros2_ws/build/mob_rov/prefix_override:/usr/lib/python3/dist-packages/colcon_core/task/python/colcon_distutils_commands:/home/dgomartir/ros2_ws/install/mob_rov/lib/python3.10/site-packages:${PYTHONPATH} /usr/bin/python3 -W ignore:setup.py install is deprecated setup.py egg_info --egg-base ../../build/mob_rov build --build-base /home/dgomartir/ros2_ws/build/mob_rov/build install --record /home/dgomartir/ros2_ws/build/mob_rov/install.log --single-version-externally-managed install_data
[7.056s] Level 1:colcon.colcon_core.environment:checking '/home/dgomartir/ros2_ws/install/mob_rov' for CMake module files
[7.057s] Level 1:colcon.colcon_core.environment:checking '/home/dgomartir/ros2_ws/install/mob_rov' for CMake config files
[7.062s] Level 1:colcon.colcon_core.environment:checking '/home/dgomartir/ros2_ws/install/mob_rov/lib'
[7.062s] Level 1:colcon.colcon_core.environment:checking '/home/dgomartir/ros2_ws/install/mob_rov/bin'
[7.062s] Level 1:colcon.colcon_core.environment:checking '/home/dgomartir/ros2_ws/install/mob_rov/lib/pkgconfig/mob_rov.pc'
[7.063s] Level 1:colcon.colcon_core.environment:checking '/home/dgomartir/ros2_ws/install/mob_rov/lib/python3.10/site-packages'
[7.063s] Level 1:colcon.colcon_core.shell:create_environment_hook('mob_rov', 'pythonpath')
[7.069s] INFO:colcon.colcon_core.shell:Creating environment hook '/home/dgomartir/ros2_ws/install/mob_rov/share/mob_rov/hook/pythonpath.ps1'
[7.073s] INFO:colcon.colcon_core.shell:Creating environment descriptor '/home/dgomartir/ros2_ws/install/mob_rov/share/mob_rov/hook/pythonpath.dsv'
[7.077s] INFO:colcon.colcon_core.shell:Creating environment hook '/home/dgomartir/ros2_ws/install/mob_rov/share/mob_rov/hook/pythonpath.sh'
[7.081s] Level 1:colcon.colcon_core.environment:checking '/home/dgomartir/ros2_ws/install/mob_rov/bin'
[7.081s] Level 1:colcon.colcon_core.environment:create_environment_scripts_only(mob_rov)
[7.082s] INFO:colcon.colcon_core.shell:Creating package script '/home/dgomartir/ros2_ws/install/mob_rov/share/mob_rov/package.ps1'
[7.095s] INFO:colcon.colcon_core.shell:Creating package descriptor '/home/dgomartir/ros2_ws/install/mob_rov/share/mob_rov/package.dsv'
[7.097s] INFO:colcon.colcon_core.shell:Creating package script '/home/dgomartir/ros2_ws/install/mob_rov/share/mob_rov/package.sh'
[7.101s] INFO:colcon.colcon_core.shell:Creating package script '/home/dgomartir/ros2_ws/install/mob_rov/share/mob_rov/package.bash'
[7.107s] INFO:colcon.colcon_core.shell:Creating package script '/home/dgomartir/ros2_ws/install/mob_rov/share/mob_rov/package.zsh'
[7.115s] Level 1:colcon.colcon_core.environment:create_file_with_runtime_dependencies(/home/dgomartir/ros2_ws/install/mob_rov/share/colcon-core/packages/mob_rov)
[7.116s] DEBUG:colcon.colcon_parallel_executor.executor.parallel:closing loop
[7.117s] DEBUG:colcon.colcon_parallel_executor.executor.parallel:loop closed
[7.117s] DEBUG:colcon.colcon_parallel_executor.executor.parallel:run_until_complete finished with '0'
[7.117s] DEBUG:colcon.colcon_core.event_reactor:joining thread
[7.177s] INFO:colcon.colcon_core.plugin_system:Skipping extension 'colcon_notification.desktop_notification.terminal_notifier': Not used on non-Darwin systems
[7.177s] INFO:colcon.colcon_core.plugin_system:Skipping extension 'colcon_notification.desktop_notification.win32': Not used on non-Windows systems
[7.177s] INFO:colcon.colcon_notification.desktop_notification:Sending desktop notification using 'notify2'
[7.265s] DEBUG:colcon.colcon_core.event_reactor:joined thread
[7.266s] INFO:colcon.colcon_core.shell:Creating prefix script '/home/dgomartir/ros2_ws/install/local_setup.ps1'
[7.274s] INFO:colcon.colcon_core.shell:Creating prefix util module '/home/dgomartir/ros2_ws/install/_local_setup_util_ps1.py'
[7.286s] INFO:colcon.colcon_core.shell:Creating prefix chain script '/home/dgomartir/ros2_ws/install/setup.ps1'
[7.296s] INFO:colcon.colcon_core.shell:Creating prefix script '/home/dgomartir/ros2_ws/install/local_setup.sh'
[7.302s] INFO:colcon.colcon_core.shell:Creating prefix util module '/home/dgomartir/ros2_ws/install/_local_setup_util_sh.py'
[7.309s] INFO:colcon.colcon_core.shell:Creating prefix chain script '/home/dgomartir/ros2_ws/install/setup.sh'
[7.317s] INFO:colcon.colcon_core.shell:Creating prefix script '/home/dgomartir/ros2_ws/install/local_setup.bash'
[7.321s] INFO:colcon.colcon_core.shell:Creating prefix chain script '/home/dgomartir/ros2_ws/install/setup.bash'
[7.331s] INFO:colcon.colcon_core.shell:Creating prefix script '/home/dgomartir/ros2_ws/install/local_setup.zsh'
[7.333s] INFO:colcon.colcon_core.shell:Creating prefix chain script '/home/dgomartir/ros2_ws/install/setup.zsh'
