[1.757s] Invoking command in '/home/dgomartir/ros2_ws/src/mob_rov': PYTHONPATH=/home/dgomartir/ros2_ws/build/mob_rov/prefix_override:/usr/lib/python3/dist-packages/colcon_core/task/python/colcon_distutils_commands:/home/dgomartir/ros2_ws/install/mob_rov/lib/python3.10/site-packages:${PYTHONPATH} /usr/bin/python3 -W ignore:setup.py install is deprecated setup.py egg_info --egg-base ../../build/mob_rov build --build-base /home/dgomartir/ros2_ws/build/mob_rov/build install --record /home/dgomartir/ros2_ws/build/mob_rov/install.log --single-version-externally-managed install_data
[2.211s] running egg_info
[2.212s] writing ../../build/mob_rov/mob_rov.egg-info/PKG-INFO
[2.214s] writing dependency_links to ../../build/mob_rov/mob_rov.egg-info/dependency_links.txt
[2.214s] writing entry points to ../../build/mob_rov/mob_rov.egg-info/entry_points.txt
[2.216s] writing requirements to ../../build/mob_rov/mob_rov.egg-info/requires.txt
[2.216s] writing top-level names to ../../build/mob_rov/mob_rov.egg-info/top_level.txt
[2.229s] reading manifest file '../../build/mob_rov/mob_rov.egg-info/SOURCES.txt'
[2.231s] writing manifest file '../../build/mob_rov/mob_rov.egg-info/SOURCES.txt'
[2.231s] running build
[2.231s] running build_py
[2.232s] running install
[2.232s] running install_lib
[2.239s] running install_data
[2.240s] running install_egg_info
[2.248s] removing '/home/dgomartir/ros2_ws/install/mob_rov/lib/python3.10/site-packages/mob_rov-0.0.0-py3.10.egg-info' (and everything under it)
[2.252s] Copying ../../build/mob_rov/mob_rov.egg-info to /home/dgomartir/ros2_ws/install/mob_rov/lib/python3.10/site-packages/mob_rov-0.0.0-py3.10.egg-info
[2.260s] running install_scripts
[2.297s] writing list of installed files to '/home/dgomartir/ros2_ws/build/mob_rov/install.log'
[2.356s] Invoked command in '/home/dgomartir/ros2_ws/src/mob_rov' returned '0': PYTHONPATH=/home/dgomartir/ros2_ws/build/mob_rov/prefix_override:/usr/lib/python3/dist-packages/colcon_core/task/python/colcon_distutils_commands:/home/dgomartir/ros2_ws/install/mob_rov/lib/python3.10/site-packages:${PYTHONPATH} /usr/bin/python3 -W ignore:setup.py install is deprecated setup.py egg_info --egg-base ../../build/mob_rov build --build-base /home/dgomartir/ros2_ws/build/mob_rov/build install --record /home/dgomartir/ros2_ws/build/mob_rov/install.log --single-version-externally-managed install_data
