running egg_info
creating ../../build/mob_rov/mob_rov.egg-info
writing ../../build/mob_rov/mob_rov.egg-info/PKG-INFO
writing dependency_links to ../../build/mob_rov/mob_rov.egg-info/dependency_links.txt
writing entry points to ../../build/mob_rov/mob_rov.egg-info/entry_points.txt
writing requirements to ../../build/mob_rov/mob_rov.egg-info/requires.txt
writing top-level names to ../../build/mob_rov/mob_rov.egg-info/top_level.txt
writing manifest file '../../build/mob_rov/mob_rov.egg-info/SOURCES.txt'
reading manifest file '../../build/mob_rov/mob_rov.egg-info/SOURCES.txt'
writing manifest file '../../build/mob_rov/mob_rov.egg-info/SOURCES.txt'
running build
running build_py
creating /home/dgomartir/ros2_ws/build/mob_rov/build
creating /home/dgomartir/ros2_ws/build/mob_rov/build/lib
creating /home/dgomartir/ros2_ws/build/mob_rov/build/lib/mob_rov
copying mob_rov/__init__.py -> /home/dgomartir/ros2_ws/build/mob_rov/build/lib/mob_rov
running install
running install_lib
creating /home/dgomartir/ros2_ws/install/mob_rov/lib/python3.10/site-packages/mob_rov
copying /home/dgomartir/ros2_ws/build/mob_rov/build/lib/mob_rov/__init__.py -> /home/dgomartir/ros2_ws/install/mob_rov/lib/python3.10/site-packages/mob_rov
byte-compiling /home/dgomartir/ros2_ws/install/mob_rov/lib/python3.10/site-packages/mob_rov/__init__.py to __init__.cpython-310.pyc
running install_data
creating /home/dgomartir/ros2_ws/install/mob_rov/share/ament_index
creating /home/dgomartir/ros2_ws/install/mob_rov/share/ament_index/resource_index
creating /home/dgomartir/ros2_ws/install/mob_rov/share/ament_index/resource_index/packages
copying resource/mob_rov -> /home/dgomartir/ros2_ws/install/mob_rov/share/ament_index/resource_index/packages
copying package.xml -> /home/dgomartir/ros2_ws/install/mob_rov/share/mob_rov
running install_egg_info
Copying ../../build/mob_rov/mob_rov.egg-info to /home/dgomartir/ros2_ws/install/mob_rov/lib/python3.10/site-packages/mob_rov-0.0.0-py3.10.egg-info
running install_scripts
writing list of installed files to '/home/dgomartir/ros2_ws/build/mob_rov/install.log'
