[1.188s] Invoking command in '/home/dgomartir/ros2_ws/src/mob_rov': PYTHONPATH=/home/dgomartir/ros2_ws/build/mob_rov/prefix_override:/usr/lib/python3/dist-packages/colcon_core/task/python/colcon_distutils_commands:/home/dgomartir/ros2_ws/install/mob_rov/lib/python3.10/site-packages:${PYTHONPATH} /usr/bin/python3 -W ignore:setup.py install is deprecated setup.py egg_info --egg-base ../../build/mob_rov build --build-base /home/dgomartir/ros2_ws/build/mob_rov/build install --record /home/dgomartir/ros2_ws/build/mob_rov/install.log --single-version-externally-managed install_data
[1.612s] running egg_info
[1.612s] creating ../../build/mob_rov/mob_rov.egg-info
[1.613s] writing ../../build/mob_rov/mob_rov.egg-info/PKG-INFO
[1.614s] writing dependency_links to ../../build/mob_rov/mob_rov.egg-info/dependency_links.txt
[1.614s] writing entry points to ../../build/mob_rov/mob_rov.egg-info/entry_points.txt
[1.615s] writing requirements to ../../build/mob_rov/mob_rov.egg-info/requires.txt
[1.616s] writing top-level names to ../../build/mob_rov/mob_rov.egg-info/top_level.txt
[1.616s] writing manifest file '../../build/mob_rov/mob_rov.egg-info/SOURCES.txt'
[1.619s] reading manifest file '../../build/mob_rov/mob_rov.egg-info/SOURCES.txt'
[1.621s] writing manifest file '../../build/mob_rov/mob_rov.egg-info/SOURCES.txt'
[1.621s] running build
[1.621s] running build_py
[1.622s] creating /home/dgomartir/ros2_ws/build/mob_rov/build
[1.622s] creating /home/dgomartir/ros2_ws/build/mob_rov/build/lib
[1.623s] creating /home/dgomartir/ros2_ws/build/mob_rov/build/lib/mob_rov
[1.624s] copying mob_rov/__init__.py -> /home/dgomartir/ros2_ws/build/mob_rov/build/lib/mob_rov
[1.624s] running install
[1.627s] running install_lib
[1.627s] creating /home/dgomartir/ros2_ws/install/mob_rov/lib/python3.10/site-packages/mob_rov
[1.627s] copying /home/dgomartir/ros2_ws/build/mob_rov/build/lib/mob_rov/__init__.py -> /home/dgomartir/ros2_ws/install/mob_rov/lib/python3.10/site-packages/mob_rov
[1.628s] byte-compiling /home/dgomartir/ros2_ws/install/mob_rov/lib/python3.10/site-packages/mob_rov/__init__.py to __init__.cpython-310.pyc
[1.628s] running install_data
[1.628s] creating /home/dgomartir/ros2_ws/install/mob_rov/share/ament_index
[1.629s] creating /home/dgomartir/ros2_ws/install/mob_rov/share/ament_index/resource_index
[1.629s] creating /home/dgomartir/ros2_ws/install/mob_rov/share/ament_index/resource_index/packages
[1.630s] copying resource/mob_rov -> /home/dgomartir/ros2_ws/install/mob_rov/share/ament_index/resource_index/packages
[1.630s] copying package.xml -> /home/dgomartir/ros2_ws/install/mob_rov/share/mob_rov
[1.633s] running install_egg_info
[1.634s] Copying ../../build/mob_rov/mob_rov.egg-info to /home/dgomartir/ros2_ws/install/mob_rov/lib/python3.10/site-packages/mob_rov-0.0.0-py3.10.egg-info
[1.636s] running install_scripts
[1.675s] writing list of installed files to '/home/dgomartir/ros2_ws/build/mob_rov/install.log'
[1.715s] Invoked command in '/home/dgomartir/ros2_ws/src/mob_rov' returned '0': PYTHONPATH=/home/dgomartir/ros2_ws/build/mob_rov/prefix_override:/usr/lib/python3/dist-packages/colcon_core/task/python/colcon_distutils_commands:/home/dgomartir/ros2_ws/install/mob_rov/lib/python3.10/site-packages:${PYTHONPATH} /usr/bin/python3 -W ignore:setup.py install is deprecated setup.py egg_info --egg-base ../../build/mob_rov build --build-base /home/dgomartir/ros2_ws/build/mob_rov/build install --record /home/dgomartir/ros2_ws/build/mob_rov/install.log --single-version-externally-managed install_data
