running egg_info
writing ../../build/mob_rov/mob_rov.egg-info/PKG-INFO
writing dependency_links to ../../build/mob_rov/mob_rov.egg-info/dependency_links.txt
writing entry points to ../../build/mob_rov/mob_rov.egg-info/entry_points.txt
writing requirements to ../../build/mob_rov/mob_rov.egg-info/requires.txt
writing top-level names to ../../build/mob_rov/mob_rov.egg-info/top_level.txt
reading manifest file '../../build/mob_rov/mob_rov.egg-info/SOURCES.txt'
writing manifest file '../../build/mob_rov/mob_rov.egg-info/SOURCES.txt'
running build
running build_py
running install
running install_lib
running install_data
copying launch/sim2.launch.py -> /home/dgomartir/ros2_ws/install/mob_rov/share/mob_rov/launch
copying launch/sim.launch.py -> /home/dgomartir/ros2_ws/install/mob_rov/share/mob_rov/launch
running install_egg_info
removing '/home/dgomartir/ros2_ws/install/mob_rov/lib/python3.10/site-packages/mob_rov-0.0.0-py3.10.egg-info' (and everything under it)
Copying ../../build/mob_rov/mob_rov.egg-info to /home/dgomartir/ros2_ws/install/mob_rov/lib/python3.10/site-packages/mob_rov-0.0.0-py3.10.egg-info
running install_scripts
writing list of installed files to '/home/dgomartir/ros2_ws/build/mob_rov/install.log'
